<?xml version="1.0" encoding="UTF-8"?>
<testng-results ignored="0" total="1" passed="1" failed="0" skipped="0">
  <reporter-output>
  </reporter-output>
  <suite started-at="2020-06-13T00:40:10Z" name="Default suite" finished-at="2020-06-13T00:40:27Z" duration-ms="17525">
    <groups>
      <group name="cucumber">
        <method signature="AbstractTestNGCucumberTests.feature(cucumber.api.testng.CucumberFeatureWrapper)[pri:0, instance:com.ch.testrunner.testrunner@1460a8c0]" name="feature" class="cucumber.api.testng.AbstractTestNGCucumberTests"/>
      </group> <!-- cucumber -->
    </groups>
    <test started-at="2020-06-13T00:40:10Z" name="Default test" finished-at="2020-06-13T00:40:27Z" duration-ms="17525">
      <class name="com.ch.testrunner.testrunner">
        <test-method is-config="true" signature="setUpClass()[pri:0, instance:com.ch.testrunner.testrunner@1460a8c0]" started-at="2020-06-13T00:40:10Z" name="setUpClass" finished-at="2020-06-13T00:40:10Z" duration-ms="215" status="PASS">
          <reporter-output>
          </reporter-output>
        </test-method> <!-- setUpClass -->
        <test-method signature="feature(cucumber.api.testng.CucumberFeatureWrapper)[pri:0, instance:com.ch.testrunner.testrunner@1460a8c0]" started-at="2020-06-13T00:40:10Z" name="feature" description="Runs Cucumber Feature" data-provider="features" finished-at="2020-06-13T00:40:27Z" duration-ms="17200" status="PASS">
          <params>
            <param index="0">
              <value>
                <![CDATA[Amazon Test]]>
              </value>
            </param>
          </params>
          <reporter-output>
          </reporter-output>
        </test-method> <!-- feature -->
        <test-method is-config="true" signature="tearDownClass()[pri:0, instance:com.ch.testrunner.testrunner@1460a8c0]" started-at="2020-06-13T00:40:27Z" name="tearDownClass" finished-at="2020-06-13T00:40:27Z" duration-ms="5" status="PASS">
          <reporter-output>
          </reporter-output>
        </test-method> <!-- tearDownClass -->
      </class> <!-- com.ch.testrunner.testrunner -->
    </test> <!-- Default test -->
  </suite> <!-- Default suite -->
</testng-results>
